<?xml version="1.0" encoding="UTF-8"?>
<!-- Generated by org.testng.reporters.JUnitReportReporter -->
<testsuite hostname="DESKTOP-30HO4O2" failures="0" tests="1" name="WMS.GenerateManifestAndHandover" time="38.540" errors="0" timestamp="2021-07-07T14:38:51 IST" skipped="0">
  <testcase classname="WMS.GenerateManifestAndHandover" name="generateManifestAndHandOver" time="38.540"/>
  <system-out/>
</testsuite> <!-- WMS.GenerateManifestAndHandover -->
