<?xml version="1.0" encoding="UTF-8"?>
<!-- Generated by org.testng.reporters.JUnitReportReporter -->
<testsuite hostname="DESKTOP-30HO4O2" failures="0" tests="1" name="WMS.Packing" time="51.425" errors="0" timestamp="2021-07-04T11:00:08 IST" skipped="0">
  <testcase classname="WMS.Packing" name="packing" time="51.425"/>
  <system-out/>
</testsuite> <!-- WMS.Packing -->
