<?xml version="1.0" encoding="UTF-8"?>
<!-- Generated by org.testng.reporters.JUnitReportReporter -->
<testsuite hostname="DESKTOP-30HO4O2" failures="0" tests="1" name="cases_SaleOrder.SearchOrder" time="45.928" errors="0" timestamp="2021-07-08T20:08:33 IST" skipped="0">
  <testcase classname="cases_SaleOrder.SearchOrder" name="search_SaleOrder" time="45.928"/>
  <system-out/>
</testsuite> <!-- cases_SaleOrder.SearchOrder -->
