<?xml version="1.0" encoding="UTF-8"?>
<!-- Generated by org.testng.reporters.JUnitReportReporter -->
<testsuite hostname="DESKTOP-30HO4O2" failures="0" tests="1" name="outbound.GenerateManifestAndHandover" time="68.955" errors="0" timestamp="2021-07-09T09:35:24 IST" skipped="0">
  <testcase classname="outbound.GenerateManifestAndHandover" name="generateManifestAndHandOver" time="68.955"/>
  <system-out/>
</testsuite> <!-- outbound.GenerateManifestAndHandover -->
