<?xml version="1.0" encoding="UTF-8"?>
<!-- Generated by org.testng.reporters.JUnitReportReporter -->
<testsuite hostname="DESKTOP-30HO4O2" failures="0" tests="1" name="OMS_SaleOrder.SearchOrder" time="34.771" errors="0" timestamp="2021-07-08T11:54:21 IST" skipped="0">
  <testcase classname="OMS_SaleOrder.SearchOrder" name="search_SaleOrder" time="34.771"/>
  <system-out/>
</testsuite> <!-- OMS_SaleOrder.SearchOrder -->
