<?xml version="1.0" encoding="UTF-8"?>
<!-- Generated by org.testng.reporters.JUnitReportReporter -->
<testsuite hostname="DESKTOP-30HO4O2" failures="0" tests="1" name="outbound.GeneratePicklist" time="43.338" errors="0" timestamp="2021-07-09T18:17:57 IST" skipped="0">
  <testcase classname="outbound.GeneratePicklist" name="generatePicklist" time="43.338"/>
  <system-out/>
</testsuite> <!-- outbound.GeneratePicklist -->
