<?xml version="1.0" encoding="UTF-8"?>
<!-- Generated by org.testng.reporters.JUnitReportReporter -->
<testsuite hostname="DESKTOP-30HO4O2" failures="0" tests="1" name="cases_SaleOrder.SearchOrder" time="41.065" errors="0" timestamp="2021-07-09T08:49:40 IST" skipped="0">
  <testcase classname="cases_SaleOrder.SearchOrder" name="search_SaleOrder" time="41.065"/>
  <system-out/>
</testsuite> <!-- cases_SaleOrder.SearchOrder -->
