<?xml version="1.0" encoding="UTF-8"?>
<!-- Generated by org.testng.reporters.JUnitReportReporter -->
<testsuite hostname="DESKTOP-30HO4O2" failures="0" tests="1" name="outbound.GenerateManifestAndHandover" time="60.784" errors="0" timestamp="2021-07-09T14:07:55 IST" skipped="0">
  <testcase classname="outbound.GenerateManifestAndHandover" name="generateManifestAndHandOver" time="60.784"/>
  <system-out/>
</testsuite> <!-- outbound.GenerateManifestAndHandover -->
